<?xml version="1.0" encoding="UTF-8"?>
<!-- Generated by org.testng.reporters.JUnitReportReporter -->
<testsuite hostname="Кристалл-ПК" name="ru.st.selenium.Logout" tests="1" failures="0" timestamp="28 Apr 2015 15:24:23 GMT" time="1.264" errors="0">
  <testcase name="testLogout" time="1.264" classname="ru.st.selenium.Logout"/>
</testsuite> <!-- ru.st.selenium.Logout -->
