<?xml version="1.0" encoding="UTF-8"?>
<!-- Generated by org.testng.reporters.JUnitReportReporter -->
<testsuite hostname="Кристалл-ПК" name="ru.st.selenium.NewFilm" tests="1" failures="0" timestamp="28 Apr 2015 15:24:23 GMT" time="5.773" errors="0">
  <testcase name="testNewFilm" time="5.773" classname="ru.st.selenium.NewFilm"/>
</testsuite> <!-- ru.st.selenium.NewFilm -->
