<?xml version="1.0" encoding="UTF-8"?>
<!-- Generated by org.testng.reporters.JUnitReportReporter -->
<testsuite hostname="Кристалл-ПК" name="ru.st.selenium.Login" tests="1" failures="0" timestamp="28 Apr 2015 15:24:23 GMT" time="12.943" errors="0">
  <testcase name="testLogin" time="12.943" classname="ru.st.selenium.Login"/>
</testsuite> <!-- ru.st.selenium.Login -->
